	FWD call took 19.421095848083496
	ADJ call took 36.06112194061279

Lin-More Trust-Region Method (Type B, Bound Constraints)
------------------------------------------------------------------------------------------------------------------
 Lin-More trust-region method status output definitions

  iter    - Number of iterates (steps taken)
  value   - Objective function value
  gnorm   - Norm of the gradient
  snorm   - Norm of the step (update to optimization vector)
  delta   - Trust-Region radius
  #fval   - Number of times the objective function was evaluated
  #grad   - Number of times the gradient was computed
  #hess   - Number of times the Hessian was applied
  #proj   - Number of times the projection was applied

  tr_flag - Trust-Region flag
    0 - Both actual and predicted reductions are positive (success)
    1 - Actual reduction is positive and predicted reduction is negative (impossible)
    2 - Actual reduction is nonpositive and predicted reduction is positive
    3 - Actual reduction is nonpositive and predicted reduction is negative (impossible)
    4 - Actual and/or predicted reduction is a NaN
    5 - Subproblem solution did not produce sufficient decrease

  iterCG - Number of Truncated CG iterations

  flagGC - Trust-Region Truncated CG flag
    0 - Residual tolerance met
    1 - Iteration limit exceeded
    2 - Negative curvature detected
    3 - Trust-Region radius exceeded
    4 - Initial right hand side is zero
------------------------------------------------------------------------------------------------------------------
  iter  value          gnorm          snorm          delta          #fval     #grad     #hess     #proj     tr_flag   iterCG    flagCG    
  0     3.184811e-03   6.197677e-02   ---            5.000000e-03   1         1         0         2         ---       ---       ---       
	Final misfit: 0.0031848112050778905
	Initial misfit : 0.0007382164207893266
  Cauchy point
    Step length (alpha):              0.01
    Step length (alpha*g):            0.000619768
    Model decrease (pRed):            3.82191e-05
    Norm of free gradient components: 0.061357

  Computation of CG step
    Current face (i):                 0
    CG step length:                   0.005
    Number of CG iterations:          1
    CG flag:                          3
    Total number of iterations:       1


  Projected search
    Step length (beta):               1
    Step length (beta*s):             0.005
    Model decrease (pRed):            0.000294285
    Number of steps:                  1
    Norm of free gradient components: 0.056357

	FWD call took 18.69581389427185
	FWD call took 18.662557125091553
  In TrustRegionUtilities::analyzeRatio
    Current objective function value:        0.00318481
    New objective function value:            0.00286245
    Actual reduction:                        0.000322361
    Predicted reduction:                     0.000332504
    Safeguard:                               2.22045e-14
    Actual reduction with safeguard:         0.000322361
    Predicted reduction with safeguard:      0.000332504
    Ratio of actual and predicted reduction: 0.969494
    Trust-region flag:                       0

	ADJ call took 35.95756244659424
------------------------------------------------------------------------------------------------------------------
 Lin-More trust-region method status output definitions

  iter    - Number of iterates (steps taken)
  value   - Objective function value
  gnorm   - Norm of the gradient
  snorm   - Norm of the step (update to optimization vector)
  delta   - Trust-Region radius
  #fval   - Number of times the objective function was evaluated
  #grad   - Number of times the gradient was computed
  #hess   - Number of times the Hessian was applied
  #proj   - Number of times the projection was applied

  tr_flag - Trust-Region flag
    0 - Both actual and predicted reductions are positive (success)
    1 - Actual reduction is positive and predicted reduction is negative (impossible)
    2 - Actual reduction is nonpositive and predicted reduction is positive
    3 - Actual reduction is nonpositive and predicted reduction is negative (impossible)
    4 - Actual and/or predicted reduction is a NaN
    5 - Subproblem solution did not produce sufficient decrease

  iterCG - Number of Truncated CG iterations

  flagGC - Trust-Region Truncated CG flag
    0 - Residual tolerance met
    1 - Iteration limit exceeded
    2 - Negative curvature detected
    3 - Trust-Region radius exceeded
    4 - Initial right hand side is zero
------------------------------------------------------------------------------------------------------------------
  iter  value          gnorm          snorm          delta          #fval     #grad     #hess     #proj     tr_flag   iterCG    flagCG    
  1     2.862450e-03   5.258494e-02   5.619768e-03   1.250000e-02   2         2         3         7         0         1         3         
	Final misfit: 0.0028624504150605553
	Initial misfit : 0.0005931538459410083
  Cauchy point
    Step length (alpha):              0.1
    Step length (alpha*g):            0.00525849
    Model decrease (pRed):            0.000254972
    Number of extrapolation steps:    2
    Norm of free gradient components: 0.0445761

  Computation of CG step
    Current face (i):                 0
    CG step length:                   0.0125
    Number of CG iterations:          1
    CG flag:                          3
    Total number of iterations:       1


  Projected search
    Step length (beta):               1
    Step length (beta*s):             0.0125
    Model decrease (pRed):            0.00044565
    Number of steps:                  1
    Norm of free gradient components: 0.0279429

	FWD call took 18.660395622253418
	FWD call took 18.64787983894348
  In TrustRegionUtilities::analyzeRatio
    Current objective function value:        0.00286245
    New objective function value:            0.00226276
    Actual reduction:                        0.00059969
    Predicted reduction:                     0.000700622
    Safeguard:                               2.22045e-14
    Actual reduction with safeguard:         0.00059969
    Predicted reduction with safeguard:      0.000700622
    Ratio of actual and predicted reduction: 0.855939
    Trust-region flag:                       0

	ADJ call took 35.87323260307312
------------------------------------------------------------------------------------------------------------------
 Lin-More trust-region method status output definitions

  iter    - Number of iterates (steps taken)
  value   - Objective function value
  gnorm   - Norm of the gradient
  snorm   - Norm of the step (update to optimization vector)
  delta   - Trust-Region radius
  #fval   - Number of times the objective function was evaluated
  #grad   - Number of times the gradient was computed
  #hess   - Number of times the Hessian was applied
  #proj   - Number of times the projection was applied

  tr_flag - Trust-Region flag
    0 - Both actual and predicted reductions are positive (success)
    1 - Actual reduction is positive and predicted reduction is negative (impossible)
    2 - Actual reduction is nonpositive and predicted reduction is positive
    3 - Actual reduction is nonpositive and predicted reduction is negative (impossible)
    4 - Actual and/or predicted reduction is a NaN
    5 - Subproblem solution did not produce sufficient decrease

  iterCG - Number of Truncated CG iterations

  flagGC - Trust-Region Truncated CG flag
    0 - Residual tolerance met
    1 - Iteration limit exceeded
    2 - Negative curvature detected
    3 - Trust-Region radius exceeded
    4 - Initial right hand side is zero
------------------------------------------------------------------------------------------------------------------
  iter  value          gnorm          snorm          delta          #fval     #grad     #hess     #proj     tr_flag   iterCG    flagCG    
  2     2.262761e-03   2.080242e-02   1.774307e-02   1.250000e-02   3         3         7         13        0         1         3         
	Final misfit: 0.0022627607706837667
	Initial misfit : 0.00032899153200910175
  Cauchy point
    Step length (alpha):              0.1
    Step length (alpha*g):            0.00208024
    Model decrease (pRed):            3.8265e-05
    Number of extrapolation steps:    1
    Norm of free gradient components: 0.0161629

  Computation of CG step
    Current face (i):                 0
    CG step length:                   0.00904534
    Number of CG iterations:          3
    CG flag:                          0
    Total number of iterations:       3


  Projected search
    Step length (beta):               1
    Step length (beta*s):             0.00904534
    Model decrease (pRed):            7.14866e-05
    Number of steps:                  1
    Norm of free gradient components: 1.78665e-16

	FWD call took 18.72883915901184
	FWD call took 18.708088874816895
  In TrustRegionUtilities::analyzeRatio
    Current objective function value:        0.00226276
    New objective function value:            0.00209444
    Actual reduction:                        0.000168318
    Predicted reduction:                     0.000109752
    Safeguard:                               2.22045e-14
    Actual reduction with safeguard:         0.000168318
    Predicted reduction with safeguard:      0.000109752
    Ratio of actual and predicted reduction: 1.53363
    Trust-region flag:                       0

	ADJ call took 35.73894166946411
------------------------------------------------------------------------------------------------------------------
 Lin-More trust-region method status output definitions

  iter    - Number of iterates (steps taken)
  value   - Objective function value
  gnorm   - Norm of the gradient
  snorm   - Norm of the step (update to optimization vector)
  delta   - Trust-Region radius
  #fval   - Number of times the objective function was evaluated
  #grad   - Number of times the gradient was computed
  #hess   - Number of times the Hessian was applied
  #proj   - Number of times the projection was applied

  tr_flag - Trust-Region flag
    0 - Both actual and predicted reductions are positive (success)
    1 - Actual reduction is positive and predicted reduction is negative (impossible)
    2 - Actual reduction is nonpositive and predicted reduction is positive
    3 - Actual reduction is nonpositive and predicted reduction is negative (impossible)
    4 - Actual and/or predicted reduction is a NaN
    5 - Subproblem solution did not produce sufficient decrease

  iterCG - Number of Truncated CG iterations

  flagGC - Trust-Region Truncated CG flag
    0 - Residual tolerance met
    1 - Iteration limit exceeded
    2 - Negative curvature detected
    3 - Trust-Region radius exceeded
    4 - Initial right hand side is zero
------------------------------------------------------------------------------------------------------------------
  iter  value          gnorm          snorm          delta          #fval     #grad     #hess     #proj     tr_flag   iterCG    flagCG    
  3     2.094443e-03   2.103530e-02   1.101778e-02   3.125000e-02   4         4         12        18        0         3         0         
	Final misfit: 0.0020944428652936585
	Initial misfit : 0.00030107653294802594
  Cauchy point
    Step length (alpha):              0.1
    Step length (alpha*g):            0.00210353
    Model decrease (pRed):            3.72485e-05
    Number of extrapolation steps:    1
    Norm of free gradient components: 0.0153142

  Computation of CG step
    Current face (i):                 0
    CG step length:                   0.0249332
    Number of CG iterations:          3
    CG flag:                          0
    Total number of iterations:       3


  Projected search
    Step length (beta):               1
    Step length (beta*s):             0.0249332
    Model decrease (pRed):            0.000175329
    Number of steps:                  1
    Norm of free gradient components: 2.49875e-05

	FWD call took 18.51845693588257
	FWD call took 18.516921520233154
  In TrustRegionUtilities::analyzeRatio
    Current objective function value:        0.00209444
    New objective function value:            0.00182444
    Actual reduction:                        0.000270005
    Predicted reduction:                     0.000212577
    Safeguard:                               2.22045e-14
    Actual reduction with safeguard:         0.000270005
    Predicted reduction with safeguard:      0.000212577
    Ratio of actual and predicted reduction: 1.27015
    Trust-region flag:                       0

	ADJ call took 35.76829409599304
------------------------------------------------------------------------------------------------------------------
 Lin-More trust-region method status output definitions

  iter    - Number of iterates (steps taken)
  value   - Objective function value
  gnorm   - Norm of the gradient
  snorm   - Norm of the step (update to optimization vector)
  delta   - Trust-Region radius
  #fval   - Number of times the objective function was evaluated
  #grad   - Number of times the gradient was computed
  #hess   - Number of times the Hessian was applied
  #proj   - Number of times the projection was applied

  tr_flag - Trust-Region flag
    0 - Both actual and predicted reductions are positive (success)
    1 - Actual reduction is positive and predicted reduction is negative (impossible)
    2 - Actual reduction is nonpositive and predicted reduction is positive
    3 - Actual reduction is nonpositive and predicted reduction is negative (impossible)
    4 - Actual and/or predicted reduction is a NaN
    5 - Subproblem solution did not produce sufficient decrease

  iterCG - Number of Truncated CG iterations

  flagGC - Trust-Region Truncated CG flag
    0 - Residual tolerance met
    1 - Iteration limit exceeded
    2 - Negative curvature detected
    3 - Trust-Region radius exceeded
    4 - Initial right hand side is zero
------------------------------------------------------------------------------------------------------------------
  iter  value          gnorm          snorm          delta          #fval     #grad     #hess     #proj     tr_flag   iterCG    flagCG    
  4     1.824438e-03   1.116433e-02   2.650042e-02   7.812500e-02   5         5         18        23        0         3         0         
	Final misfit: 0.0018244375357937383
	Initial misfit : 0.0007147553686778083
  Cauchy point
    Step length (alpha):              0.1
    Step length (alpha*g):            0.00111643
    Model decrease (pRed):            1.11718e-05
    Number of extrapolation steps:    1
    Norm of free gradient components: 0.00906787

  Computation of CG step
    Current face (i):                 0
    CG step length:                   0.0183772
    Number of CG iterations:          4
    CG flag:                          0
    Total number of iterations:       4


  Projected search
    Step length (beta):               1
    Step length (beta*s):             0.0183772
    Model decrease (pRed):            6.75062e-05
    Number of steps:                  1
    Norm of free gradient components: 4.42866e-06

	FWD call took 18.53683090209961
	FWD call took 18.525890588760376
  In TrustRegionUtilities::analyzeRatio
    Current objective function value:        0.00182444
    New objective function value:            0.00171095
    Actual reduction:                        0.000113483
    Predicted reduction:                     7.86781e-05
    Safeguard:                               2.22045e-14
    Actual reduction with safeguard:         0.000113483
    Predicted reduction with safeguard:      7.86781e-05
    Ratio of actual and predicted reduction: 1.44237
    Trust-region flag:                       0

	ADJ call took 35.71111249923706
------------------------------------------------------------------------------------------------------------------
 Lin-More trust-region method status output definitions

  iter    - Number of iterates (steps taken)
  value   - Objective function value
  gnorm   - Norm of the gradient
  snorm   - Norm of the step (update to optimization vector)
  delta   - Trust-Region radius
  #fval   - Number of times the objective function was evaluated
  #grad   - Number of times the gradient was computed
  #hess   - Number of times the Hessian was applied
  #proj   - Number of times the projection was applied

  tr_flag - Trust-Region flag
    0 - Both actual and predicted reductions are positive (success)
    1 - Actual reduction is positive and predicted reduction is negative (impossible)
    2 - Actual reduction is nonpositive and predicted reduction is positive
    3 - Actual reduction is nonpositive and predicted reduction is negative (impossible)
    4 - Actual and/or predicted reduction is a NaN
    5 - Subproblem solution did not produce sufficient decrease

  iterCG - Number of Truncated CG iterations

  flagGC - Trust-Region Truncated CG flag
    0 - Residual tolerance met
    1 - Iteration limit exceeded
    2 - Negative curvature detected
    3 - Trust-Region radius exceeded
    4 - Initial right hand side is zero
------------------------------------------------------------------------------------------------------------------
  iter  value          gnorm          snorm          delta          #fval     #grad     #hess     #proj     tr_flag   iterCG    flagCG    
  5     1.710955e-03   8.486289e-03   1.918196e-02   1.953125e-01   6         6         25        28        0         4         0         
	Final misfit: 0.001710954634012086
	Initial misfit : 0.0014110161194043431
Optimization Terminated with Status: Last Type (Dummy)
/opt/firedrake/20220207/lib/python3.8/site-packages/pytools/__init__.py:2319: UserWarning: unable to find git revision
  warn("unable to find git revision")
