global number of nodes P1 coeffs/nodes: 40401
Output: 1e-07 0
Timestep Number:  0  Timestep:  1e-07
Timestep Number:  1  Timestep:  1e-07
Timestep Number:  2  Timestep:  1e-07
Timestep Number:  3  Timestep:  1e-07
Timestep Number:  4  Timestep:  1e-07
Output: 6e-07 5
Timestep Number:  5  Timestep:  1e-07
Timestep Number:  6  Timestep:  1e-07
Timestep Number:  7  Timestep:  1e-07
Timestep Number:  8  Timestep:  1e-07
Timestep Number:  9  Timestep:  1e-07
Output: 1.1e-06 10
Timestep Number:  10  Timestep:  1e-07
Timestep Number:  11  Timestep:  1e-07
Timestep Number:  12  Timestep:  1e-07
Timestep Number:  13  Timestep:  1e-07
Timestep Number:  14  Timestep:  1e-07
Output: 1.5999999999999995e-06 15
Timestep Number:  15  Timestep:  1e-07
Timestep Number:  16  Timestep:  1e-07
Timestep Number:  17  Timestep:  1e-07
Timestep Number:  18  Timestep:  1e-07
Timestep Number:  19  Timestep:  1e-07
Output: 2.099999999999999e-06 20
Timestep Number:  20  Timestep:  1e-07
Timestep Number:  21  Timestep:  1e-07
Timestep Number:  22  Timestep:  1e-07
Timestep Number:  23  Timestep:  1e-07
Timestep Number:  24  Timestep:  1e-07
Output: 2.5999999999999984e-06 25
Timestep Number:  25  Timestep:  1e-07
Timestep Number:  26  Timestep:  1e-07
Timestep Number:  27  Timestep:  1e-07
Timestep Number:  28  Timestep:  1e-07
Timestep Number:  29  Timestep:  1e-07
Output: 3.099999999999998e-06 30
Timestep Number:  30  Timestep:  1e-07
Timestep Number:  31  Timestep:  1e-07
Timestep Number:  32  Timestep:  1e-07
Timestep Number:  33  Timestep:  1e-07
Timestep Number:  34  Timestep:  1e-07
Output: 3.5999999999999973e-06 35
Timestep Number:  35  Timestep:  1e-07
Timestep Number:  36  Timestep:  1e-07
Timestep Number:  37  Timestep:  1e-07
Timestep Number:  38  Timestep:  1e-07
Timestep Number:  39  Timestep:  1e-07
Output: 4.099999999999997e-06 40
Timestep Number:  40  Timestep:  1e-07
Timestep Number:  41  Timestep:  1e-07
Timestep Number:  42  Timestep:  1e-07
Timestep Number:  43  Timestep:  1e-07
Timestep Number:  44  Timestep:  1e-07
Output: 4.599999999999997e-06 45
Timestep Number:  45  Timestep:  1e-07
Timestep Number:  46  Timestep:  1e-07
Timestep Number:  47  Timestep:  1e-07
Timestep Number:  48  Timestep:  1e-07
Timestep Number:  49  Timestep:  1e-07
Output: 5.099999999999996e-06 50
Timestep Number:  50  Timestep:  1e-07
Timestep Number:  51  Timestep:  1e-07
Timestep Number:  52  Timestep:  1e-07
Timestep Number:  53  Timestep:  1e-07
Timestep Number:  54  Timestep:  1e-07
Output: 5.5999999999999955e-06 55
Timestep Number:  55  Timestep:  1e-07
Timestep Number:  56  Timestep:  1e-07
Timestep Number:  57  Timestep:  1e-07
Timestep Number:  58  Timestep:  1e-07
Timestep Number:  59  Timestep:  1e-07
Output: 6.099999999999995e-06 60
Timestep Number:  60  Timestep:  1e-07
Timestep Number:  61  Timestep:  1e-07
Timestep Number:  62  Timestep:  1e-07
Timestep Number:  63  Timestep:  1e-07
Timestep Number:  64  Timestep:  1e-07
Output: 6.599999999999994e-06 65
Timestep Number:  65  Timestep:  1e-07
Timestep Number:  66  Timestep:  1e-07
Timestep Number:  67  Timestep:  1e-07
Timestep Number:  68  Timestep:  1e-07
Timestep Number:  69  Timestep:  1e-07
Output: 7.099999999999994e-06 70
Timestep Number:  70  Timestep:  1e-07
Timestep Number:  71  Timestep:  1e-07
Timestep Number:  72  Timestep:  1e-07
Timestep Number:  73  Timestep:  1e-07
Timestep Number:  74  Timestep:  1e-07
Output: 7.599999999999993e-06 75
Timestep Number:  75  Timestep:  1e-07
Timestep Number:  76  Timestep:  1e-07
Timestep Number:  77  Timestep:  1e-07
Timestep Number:  78  Timestep:  1e-07
Timestep Number:  79  Timestep:  1e-07
Output: 8.099999999999997e-06 80
Timestep Number:  80  Timestep:  1e-07
Timestep Number:  81  Timestep:  1e-07
Timestep Number:  82  Timestep:  1e-07
Timestep Number:  83  Timestep:  1e-07
Timestep Number:  84  Timestep:  1e-07
Output: 8.6e-06 85
Timestep Number:  85  Timestep:  1e-07
Timestep Number:  86  Timestep:  1e-07
Timestep Number:  87  Timestep:  1e-07
Timestep Number:  88  Timestep:  1e-07
Timestep Number:  89  Timestep:  1e-07
Output: 9.100000000000004e-06 90
Timestep Number:  90  Timestep:  1e-07
Timestep Number:  91  Timestep:  1e-07
Timestep Number:  92  Timestep:  1e-07
Timestep Number:  93  Timestep:  1e-07
Timestep Number:  94  Timestep:  1e-07
Output: 9.600000000000008e-06 95
Timestep Number:  95  Timestep:  1e-07
Timestep Number:  96  Timestep:  1e-07
Timestep Number:  97  Timestep:  1e-07
Timestep Number:  98  Timestep:  1e-07
Timestep Number:  99  Timestep:  1e-07
Output: 1.0100000000000012e-05 100
Timestep Number:  100  Timestep:  1e-07
Timestep Number:  101  Timestep:  1e-07
Timestep Number:  102  Timestep:  1e-07
Timestep Number:  103  Timestep:  1e-07
Timestep Number:  104  Timestep:  1e-07
Output: 1.0600000000000015e-05 105
Timestep Number:  105  Timestep:  1e-07
Timestep Number:  106  Timestep:  1e-07
Timestep Number:  107  Timestep:  1e-07
Timestep Number:  108  Timestep:  1e-07
Timestep Number:  109  Timestep:  1e-07
Output: 1.1100000000000019e-05 110
Timestep Number:  110  Timestep:  1e-07
Timestep Number:  111  Timestep:  1e-07
Timestep Number:  112  Timestep:  1e-07
Timestep Number:  113  Timestep:  1e-07
Timestep Number:  114  Timestep:  1e-07
Output: 1.1600000000000023e-05 115
Timestep Number:  115  Timestep:  1e-07
Timestep Number:  116  Timestep:  1e-07
Timestep Number:  117  Timestep:  1e-07
Timestep Number:  118  Timestep:  1e-07
Timestep Number:  119  Timestep:  1e-07
Final time: 1.2000000000000026e-05
/home/sia/firedrake/src/firedrake/firedrake/extrusion_utils.py:117: LoopyWarning: 'lang_version' was not passed to make_function(). To avoid this warning, pass lang_version=(2018, 2) in this invocation. (Or say 'from loopy.version import LOOPY_USE_LANGUAGE_VERSION_2018_2' in the global scope of the calling frame.)
  ast = lp.make_function(domains, instructions, data, name=name, target=lp.CTarget(),
/home/sia/firedrake/src/firedrake/firedrake/extrusion_utils.py:117: LoopyWarning: 'lang_version' was not passed to make_function(). To avoid this warning, pass lang_version=(2018, 2) in this invocation. (Or say 'from loopy.version import LOOPY_USE_LANGUAGE_VERSION_2018_2' in the global scope of the calling frame.)
  ast = lp.make_function(domains, instructions, data, name=name, target=lp.CTarget(),
/home/sia/firedrake/src/firedrake/firedrake/extrusion_utils.py:117: LoopyWarning: 'lang_version' was not passed to make_function(). To avoid this warning, pass lang_version=(2018, 2) in this invocation. (Or say 'from loopy.version import LOOPY_USE_LANGUAGE_VERSION_2018_2' in the global scope of the calling frame.)
  ast = lp.make_function(domains, instructions, data, name=name, target=lp.CTarget(),
/home/sia/firedrake/src/firedrake/firedrake/extrusion_utils.py:117: LoopyWarning: 'lang_version' was not passed to make_function(). To avoid this warning, pass lang_version=(2018, 2) in this invocation. (Or say 'from loopy.version import LOOPY_USE_LANGUAGE_VERSION_2018_2' in the global scope of the calling frame.)
  ast = lp.make_function(domains, instructions, data, name=name, target=lp.CTarget(),
/home/sia/firedrake/src/firedrake/firedrake/extrusion_utils.py:117: LoopyWarning: 'lang_version' was not passed to make_function(). To avoid this warning, pass lang_version=(2018, 2) in this invocation. (Or say 'from loopy.version import LOOPY_USE_LANGUAGE_VERSION_2018_2' in the global scope of the calling frame.)
  ast = lp.make_function(domains, instructions, data, name=name, target=lp.CTarget(),
/home/sia/firedrake/src/firedrake/firedrake/extrusion_utils.py:117: LoopyWarning: 'lang_version' was not passed to make_function(). To avoid this warning, pass lang_version=(2018, 2) in this invocation. (Or say 'from loopy.version import LOOPY_USE_LANGUAGE_VERSION_2018_2' in the global scope of the calling frame.)
  ast = lp.make_function(domains, instructions, data, name=name, target=lp.CTarget(),
/home/sia/firedrake/src/firedrake/firedrake/extrusion_utils.py:117: LoopyWarning: 'lang_version' was not passed to make_function(). To avoid this warning, pass lang_version=(2018, 2) in this invocation. (Or say 'from loopy.version import LOOPY_USE_LANGUAGE_VERSION_2018_2' in the global scope of the calling frame.)
  ast = lp.make_function(domains, instructions, data, name=name, target=lp.CTarget(),
/home/sia/firedrake/src/firedrake/firedrake/extrusion_utils.py:117: LoopyWarning: 'lang_version' was not passed to make_function(). To avoid this warning, pass lang_version=(2018, 2) in this invocation. (Or say 'from loopy.version import LOOPY_USE_LANGUAGE_VERSION_2018_2' in the global scope of the calling frame.)
  ast = lp.make_function(domains, instructions, data, name=name, target=lp.CTarget(),
/home/sia/firedrake/src/firedrake/firedrake/extrusion_utils.py:117: LoopyWarning: 'lang_version' was not passed to make_function(). To avoid this warning, pass lang_version=(2018, 2) in this invocation. (Or say 'from loopy.version import LOOPY_USE_LANGUAGE_VERSION_2018_2' in the global scope of the calling frame.)
  ast = lp.make_function(domains, instructions, data, name=name, target=lp.CTarget(),
/home/sia/firedrake/src/firedrake/firedrake/extrusion_utils.py:117: LoopyWarning: 'lang_version' was not passed to make_function(). To avoid this warning, pass lang_version=(2018, 2) in this invocation. (Or say 'from loopy.version import LOOPY_USE_LANGUAGE_VERSION_2018_2' in the global scope of the calling frame.)
  ast = lp.make_function(domains, instructions, data, name=name, target=lp.CTarget(),
/home/sia/firedrake/src/firedrake/firedrake/extrusion_utils.py:117: LoopyWarning: 'lang_version' was not passed to make_function(). To avoid this warning, pass lang_version=(2018, 2) in this invocation. (Or say 'from loopy.version import LOOPY_USE_LANGUAGE_VERSION_2018_2' in the global scope of the calling frame.)
  ast = lp.make_function(domains, instructions, data, name=name, target=lp.CTarget(),
/home/sia/firedrake/src/firedrake/firedrake/extrusion_utils.py:117: LoopyWarning: 'lang_version' was not passed to make_function(). To avoid this warning, pass lang_version=(2018, 2) in this invocation. (Or say 'from loopy.version import LOOPY_USE_LANGUAGE_VERSION_2018_2' in the global scope of the calling frame.)
  ast = lp.make_function(domains, instructions, data, name=name, target=lp.CTarget(),
/home/sia/firedrake/src/firedrake/firedrake/extrusion_utils.py:117: LoopyWarning: 'lang_version' was not passed to make_function(). To avoid this warning, pass lang_version=(2018, 2) in this invocation. (Or say 'from loopy.version import LOOPY_USE_LANGUAGE_VERSION_2018_2' in the global scope of the calling frame.)
  ast = lp.make_function(domains, instructions, data, name=name, target=lp.CTarget(),
/home/sia/firedrake/src/firedrake/firedrake/extrusion_utils.py:117: LoopyWarning: 'lang_version' was not passed to make_function(). To avoid this warning, pass lang_version=(2018, 2) in this invocation. (Or say 'from loopy.version import LOOPY_USE_LANGUAGE_VERSION_2018_2' in the global scope of the calling frame.)
  ast = lp.make_function(domains, instructions, data, name=name, target=lp.CTarget(),
/home/sia/firedrake/src/firedrake/firedrake/extrusion_utils.py:117: LoopyWarning: 'lang_version' was not passed to make_function(). To avoid this warning, pass lang_version=(2018, 2) in this invocation. (Or say 'from loopy.version import LOOPY_USE_LANGUAGE_VERSION_2018_2' in the global scope of the calling frame.)
  ast = lp.make_function(domains, instructions, data, name=name, target=lp.CTarget(),
/home/sia/firedrake/src/firedrake/firedrake/extrusion_utils.py:117: LoopyWarning: 'lang_version' was not passed to make_function(). To avoid this warning, pass lang_version=(2018, 2) in this invocation. (Or say 'from loopy.version import LOOPY_USE_LANGUAGE_VERSION_2018_2' in the global scope of the calling frame.)
  ast = lp.make_function(domains, instructions, data, name=name, target=lp.CTarget(),
